0 info it worked if it ends with ok
1 verbose cli [ '/home/wolibohebadon/.nvm/versions/node/v4.4.1/bin/node',
1 verbose cli   '/home/wolibohebadon/.nvm/versions/node/v4.4.1/bin/npm',
1 verbose cli   'install',
1 verbose cli   'myctl' ]
2 info using npm@2.14.20
3 info using node@v4.4.1
4 verbose install initial load of /home/wolibohebadon/NodeJS/http/5.3/package.json
5 verbose installManyTop reading scoped package data from /home/wolibohebadon/NodeJS/http/5.3/node_modules/body-parser/package.json
6 verbose installManyTop reading scoped package data from /home/wolibohebadon/NodeJS/http/5.3/node_modules/cookie-parser/package.json
7 verbose installManyTop reading scoped package data from /home/wolibohebadon/NodeJS/http/5.3/node_modules/debug/package.json
8 verbose installManyTop reading scoped package data from /home/wolibohebadon/NodeJS/http/5.3/node_modules/express/package.json
9 verbose installManyTop reading scoped package data from /home/wolibohebadon/NodeJS/http/5.3/node_modules/jade/package.json
10 verbose installManyTop reading scoped package data from /home/wolibohebadon/NodeJS/http/5.3/node_modules/morgan/package.json
11 verbose installManyTop reading scoped package data from /home/wolibohebadon/NodeJS/http/5.3/node_modules/request/package.json
12 verbose installManyTop reading scoped package data from /home/wolibohebadon/NodeJS/http/5.3/node_modules/serve-favicon/package.json
13 verbose installManyTop reading scoped package data from /home/wolibohebadon/NodeJS/http/5.3/node_modules/string/package.json
14 verbose readDependencies loading dependencies from /home/wolibohebadon/NodeJS/http/5.3/package.json
15 silly cache add args [ 'myctl', null ]
16 verbose cache add spec myctl
17 silly cache add parsed spec Result {
17 silly cache add   raw: 'myctl',
17 silly cache add   scope: null,
17 silly cache add   name: 'myctl',
17 silly cache add   rawSpec: '',
17 silly cache add   spec: 'latest',
17 silly cache add   type: 'tag' }
18 silly addNamed myctl@latest
19 verbose addNamed "latest" is being treated as a dist-tag for myctl
20 info addNameTag [ 'myctl', 'latest' ]
21 silly mapToRegistry name myctl
22 silly mapToRegistry using default registry
23 silly mapToRegistry registry https://registry.npmjs.org/
24 silly mapToRegistry uri https://registry.npmjs.org/myctl
25 verbose addNameTag registry:https://registry.npmjs.org/myctl not in flight; fetching
26 verbose request uri https://registry.npmjs.org/myctl
27 verbose request no auth needed
28 info attempt registry request try #1 at 10:07:28
29 verbose request id 94e01e623cfa1e40
30 http request GET https://registry.npmjs.org/myctl
31 http 404 https://registry.npmjs.org/myctl
32 verbose headers { 'content-type': 'application/json',
32 verbose headers   'cache-control': 'max-age=0',
32 verbose headers   'content-length': '2',
32 verbose headers   'accept-ranges': 'bytes',
32 verbose headers   date: 'Thu, 07 Apr 2016 02:07:27 GMT',
32 verbose headers   via: '1.1 varnish',
32 verbose headers   age: '0',
32 verbose headers   connection: 'keep-alive',
32 verbose headers   'x-served-by': 'cache-hkg6824-HKG',
32 verbose headers   'x-cache': 'MISS',
32 verbose headers   'x-cache-hits': '0',
32 verbose headers   'x-timer': 'S1459994847.685618,VS0,VE224',
32 verbose headers   vary: 'Accept-Encoding' }
33 silly get cb [ 404,
33 silly get   { 'content-type': 'application/json',
33 silly get     'cache-control': 'max-age=0',
33 silly get     'content-length': '2',
33 silly get     'accept-ranges': 'bytes',
33 silly get     date: 'Thu, 07 Apr 2016 02:07:27 GMT',
33 silly get     via: '1.1 varnish',
33 silly get     age: '0',
33 silly get     connection: 'keep-alive',
33 silly get     'x-served-by': 'cache-hkg6824-HKG',
33 silly get     'x-cache': 'MISS',
33 silly get     'x-cache-hits': '0',
33 silly get     'x-timer': 'S1459994847.685618,VS0,VE224',
33 silly get     vary: 'Accept-Encoding' } ]
34 verbose stack Error: Registry returned 404 for GET on https://registry.npmjs.org/myctl
34 verbose stack     at makeError (/home/wolibohebadon/.nvm/versions/node/v4.4.1/lib/node_modules/npm/node_modules/npm-registry-client/lib/request.js:264:12)
34 verbose stack     at CachingRegistryClient.<anonymous> (/home/wolibohebadon/.nvm/versions/node/v4.4.1/lib/node_modules/npm/node_modules/npm-registry-client/lib/request.js:242:14)
34 verbose stack     at Request._callback (/home/wolibohebadon/.nvm/versions/node/v4.4.1/lib/node_modules/npm/node_modules/npm-registry-client/lib/request.js:172:14)
34 verbose stack     at Request.self.callback (/home/wolibohebadon/.nvm/versions/node/v4.4.1/lib/node_modules/npm/node_modules/request/request.js:199:22)
34 verbose stack     at emitTwo (events.js:87:13)
34 verbose stack     at Request.emit (events.js:172:7)
34 verbose stack     at Request.<anonymous> (/home/wolibohebadon/.nvm/versions/node/v4.4.1/lib/node_modules/npm/node_modules/request/request.js:1036:10)
34 verbose stack     at emitOne (events.js:82:20)
34 verbose stack     at Request.emit (events.js:169:7)
34 verbose stack     at IncomingMessage.<anonymous> (/home/wolibohebadon/.nvm/versions/node/v4.4.1/lib/node_modules/npm/node_modules/request/request.js:963:12)
35 verbose statusCode 404
36 verbose pkgid myctl
37 verbose cwd /home/wolibohebadon/NodeJS/http/5.3
38 error Linux 4.4.5-200.fc22.x86_64
39 error argv "/home/wolibohebadon/.nvm/versions/node/v4.4.1/bin/node" "/home/wolibohebadon/.nvm/versions/node/v4.4.1/bin/npm" "install" "myctl"
40 error node v4.4.1
41 error npm  v2.14.20
42 error code E404
43 error 404 Registry returned 404 for GET on https://registry.npmjs.org/myctl
43 error 404
43 error 404 'myctl' is not in the npm registry.
43 error 404 You should bug the author to publish it (or use the name yourself!)
43 error 404 It was specified as a dependency of '1.HTTP_StaticServer'
43 error 404
43 error 404 Note that you can also install from a
43 error 404 tarball, folder, http url, or git url.
44 verbose exit [ 1, true ]
